# JRE version: OpenJDK Runtime Environment 18.9 (11.0.16+8) (build 11.0.16+8)
# Java VM: OpenJDK 64-Bit Server VM 18.9 (11.0.16+8, mixed mode, tiered, compressed oops, g1 gc, windows-amd64)
Heap:
 garbage-first heap   total 227328K, used 160708K [0x0000000080000000, 0x0000000100000000)
  region size 1024K, 9 young (9216K), 4 survivors (4096K)
 Metaspace       used 108891K, capacity 113623K, committed 113872K, reserved 614400K
  class space    used 14149K, capacity 15927K, committed 16000K, reserved 516096K
GC Heap History (20 events):
Event: 116.572 GC heap before
{Heap before GC invocations=65 (full 0):
 garbage-first heap   total 189440K, used 145944K [0x0000000080000000, 0x0000000100000000)
  region size 1024K, 20 young (20480K), 2 survivors (2048K)
 Metaspace       used 103900K, capacity 108420K, committed 108624K, reserved 610304K
  class space    used 13629K, capacity 15300K, committed 15360K, reserved 516096K
}
Event: 116.578 GC heap after
{Heap after GC invocations=66 (full 0):
 garbage-first heap   total 189440K, used 130297K [0x0000000080000000, 0x0000000100000000)
  region size 1024K, 3 young (3072K), 3 survivors (3072K)
 Metaspace       used 103900K, capacity 108420K, committed 108624K, reserved 610304K
  class space    used 13629K, capacity 15300K, committed 15360K, reserved 516096K
}
Event: 116.909 GC heap before
{Heap before GC invocations=67 (full 0):
 garbage-first heap   total 189440K, used 148729K [0x0000000080000000, 0x0000000100000000)
  region size 1024K, 21 young (21504K), 3 survivors (3072K)
 Metaspace       used 104362K, capacity 108949K, committed 109136K, reserved 610304K
  class space    used 13669K, capacity 15336K, committed 15360K, reserved 516096K
}
Event: 116.920 GC heap after
{Heap after GC invocations=68 (full 0):
 garbage-first heap   total 189440K, used 135485K [0x0000000080000000, 0x0000000100000000)
  region size 1024K, 3 young (3072K), 3 survivors (3072K)
 Metaspace       used 104362K, capacity 108949K, committed 109136K, reserved 610304K
  class space    used 13669K, capacity 15336K, committed 15360K, reserved 516096K
}
Event: 118.156 GC heap before
{Heap before GC invocations=68 (full 0):
 garbage-first heap   total 189440K, used 152893K [0x0000000080000000, 0x0000000100000000)
  region size 1024K, 20 young (20480K), 3 survivors (3072K)
 Metaspace       used 105678K, capacity 110249K, committed 110288K, reserved 612352K
  class space    used 13784K, capacity 15488K, committed 15488K, reserved 516096K
}
Event: 118.162 GC heap after
{Heap after GC invocations=69 (full 0):
 garbage-first heap   total 189440K, used 138123K [0x0000000080000000, 0x0000000100000000)
  region size 1024K, 3 young (3072K), 3 survivors (3072K)
 Metaspace       used 105678K, capacity 110249K, committed 110288K, reserved 612352K
  class space    used 13784K, capacity 15488K, committed 15488K, reserved 516096K
}
Event: 118.463 GC heap before
{Heap before GC invocations=69 (full 0):
 garbage-first heap   total 189440K, used 154507K [0x0000000080000000, 0x0000000100000000)
  region size 1024K, 19 young (19456K), 3 survivors (3072K)
 Metaspace       used 105982K, capacity 110650K, committed 110928K, reserved 612352K
  class space    used 13805K, capacity 15529K, committed 15616K, reserved 516096K
}
Event: 118.469 GC heap after
{Heap after GC invocations=70 (full 0):
 garbage-first heap   total 189440K, used 140373K [0x0000000080000000, 0x0000000100000000)
  region size 1024K, 3 young (3072K), 3 survivors (3072K)
 Metaspace       used 105982K, capacity 110650K, committed 110928K, reserved 612352K
  class space    used 13805K, capacity 15529K, committed 15616K, reserved 516096K
}
Event: 118.637 GC heap before
{Heap before GC invocations=71 (full 0):
 garbage-first heap   total 189440K, used 156757K [0x0000000080000000, 0x0000000100000000)
  region size 1024K, 19 young (19456K), 3 survivors (3072K)
 Metaspace       used 106063K, capacity 110718K, committed 110928K, reserved 612352K
  class space    used 13806K, capacity 15529K, committed 15616K, reserved 516096K
}
Event: 118.643 GC heap after
{Heap after GC invocations=72 (full 0):
 garbage-first heap   total 189440K, used 142879K [0x0000000080000000, 0x0000000100000000)
  region size 1024K, 3 young (3072K), 3 survivors (3072K)
 Metaspace       used 106063K, capacity 110718K, committed 110928K, reserved 612352K
  class space    used 13806K, capacity 15529K, committed 15616K, reserved 516096K
}
Event: 118.828 GC heap before
{Heap before GC invocations=72 (full 0):
 garbage-first heap   total 189440K, used 159263K [0x0000000080000000, 0x0000000100000000)
  region size 1024K, 19 young (19456K), 3 survivors (3072K)
 Metaspace       used 106112K, capacity 110722K, committed 110928K, reserved 612352K
  class space    used 13806K, capacity 15529K, committed 15616K, reserved 516096K
}
Event: 118.833 GC heap after
{Heap after GC invocations=73 (full 0):
 garbage-first heap   total 227328K, used 145030K [0x0000000080000000, 0x0000000100000000)
  region size 1024K, 3 young (3072K), 3 survivors (3072K)
 Metaspace       used 106112K, capacity 110722K, committed 110928K, reserved 612352K
  class space    used 13806K, capacity 15529K, committed 15616K, reserved 516096K
}
Event: 119.318 GC heap before
{Heap before GC invocations=74 (full 0):
 garbage-first heap   total 227328K, used 174726K [0x0000000080000000, 0x0000000100000000)
  region size 1024K, 32 young (32768K), 3 survivors (3072K)
 Metaspace       used 106594K, capacity 111206K, committed 111440K, reserved 612352K
  class space    used 13846K, capacity 15561K, committed 15616K, reserved 516096K
}
Event: 119.327 GC heap after
{Heap after GC invocations=75 (full 0):
 garbage-first heap   total 227328K, used 148114K [0x0000000080000000, 0x0000000100000000)
  region size 1024K, 4 young (4096K), 4 survivors (4096K)
 Metaspace       used 106594K, capacity 111206K, committed 111440K, reserved 612352K
  class space    used 13846K, capacity 15561K, committed 15616K, reserved 516096K
}
Event: 119.774 GC heap before
{Heap before GC invocations=75 (full 0):
 garbage-first heap   total 227328K, used 178834K [0x0000000080000000, 0x0000000100000000)
  region size 1024K, 34 young (34816K), 4 survivors (4096K)
 Metaspace       used 107714K, capacity 112328K, committed 112592K, reserved 614400K
  class space    used 13977K, capacity 15694K, committed 15744K, reserved 516096K
}
Event: 119.798 GC heap after
{Heap after GC invocations=76 (full 0):
 garbage-first heap   total 227328K, used 150970K [0x0000000080000000, 0x0000000100000000)
  region size 1024K, 5 young (5120K), 5 survivors (5120K)
 Metaspace       used 107714K, capacity 112328K, committed 112592K, reserved 614400K
  class space    used 13977K, capacity 15694K, committed 15744K, reserved 516096K
}
Event: 120.356 GC heap before
{Heap before GC invocations=77 (full 0):
 garbage-first heap   total 227328K, used 181690K [0x0000000080000000, 0x0000000100000000)
  region size 1024K, 35 young (35840K), 5 survivors (5120K)
 Metaspace       used 108069K, capacity 112814K, committed 112976K, reserved 614400K
  class space    used 14028K, capacity 15747K, committed 15872K, reserved 516096K
}
Event: 120.365 GC heap after
{Heap after GC invocations=78 (full 0):
 garbage-first heap   total 227328K, used 154067K [0x0000000080000000, 0x0000000100000000)
  region size 1024K, 4 young (4096K), 4 survivors (4096K)
 Metaspace       used 108069K, capacity 112814K, committed 112976K, reserved 614400K
  class space    used 14028K, capacity 15747K, committed 15872K, reserved 516096K
}
Event: 122.446 GC heap before
{Heap before GC invocations=78 (full 0):
 garbage-first heap   total 227328K, used 182739K [0x0000000080000000, 0x0000000100000000)
  region size 1024K, 33 young (33792K), 4 survivors (4096K)
 Metaspace       used 108878K, capacity 113623K, committed 113872K, reserved 614400K
  class space    used 14149K, capacity 15927K, committed 16000K, reserved 516096K
}
Event: 122.452 GC heap after
{Heap after GC invocations=79 (full 0):
 garbage-first heap   total 227328K, used 157636K [0x0000000080000000, 0x0000000100000000)
  region size 1024K, 4 young (4096K), 4 survivors (4096K)
 Metaspace       used 108878K, capacity 113623K, committed 113872K, reserved 614400K
  class space    used 14149K, capacity 15927K, committed 16000K, reserved 516096K
}

