# JRE version: OpenJDK Runtime Environment 18.9 (11.0.16+8) (build 11.0.16+8)
# Java VM: OpenJDK 64-Bit Server VM 18.9 (11.0.16+8, mixed mode, tiered, compressed oops, g1 gc, windows-amd64)
Heap:
 garbage-first heap   total 157696K, used 96929K [0x0000000080000000, 0x0000000100000000)
  region size 1024K, 26 young (26624K), 5 survivors (5120K)
 Metaspace       used 82078K, capacity 84570K, committed 84744K, reserved 589824K
  class space    used 10528K, capacity 11509K, committed 11520K, reserved 516096K
GC Heap History (20 events):
Event: 7.624 GC heap before
{Heap before GC invocations=6 (full 0):
 garbage-first heap   total 157696K, used 76477K [0x0000000080000000, 0x0000000100000000)
  region size 1024K, 62 young (63488K), 5 survivors (5120K)
 Metaspace       used 35061K, capacity 35820K, committed 35920K, reserved 548864K
  class space    used 4451K, capacity 4770K, committed 4864K, reserved 516096K
}
Event: 7.631 GC heap after
{Heap after GC invocations=7 (full 0):
 garbage-first heap   total 157696K, used 22759K [0x0000000080000000, 0x0000000100000000)
  region size 1024K, 6 young (6144K), 6 survivors (6144K)
 Metaspace       used 35061K, capacity 35820K, committed 35920K, reserved 548864K
  class space    used 4451K, capacity 4770K, committed 4864K, reserved 516096K
}
Event: 16.503 GC heap before
{Heap before GC invocations=8 (full 0):
 garbage-first heap   total 157696K, used 94439K [0x0000000080000000, 0x0000000100000000)
  region size 1024K, 74 young (75776K), 6 survivors (6144K)
 Metaspace       used 40346K, capacity 41349K, committed 41680K, reserved 552960K
  class space    used 5032K, capacity 5392K, committed 5504K, reserved 516096K
}
Event: 16.512 GC heap after
{Heap after GC invocations=9 (full 0):
 garbage-first heap   total 157696K, used 28321K [0x0000000080000000, 0x0000000100000000)
  region size 1024K, 9 young (9216K), 9 survivors (9216K)
 Metaspace       used 40346K, capacity 41349K, committed 41680K, reserved 552960K
  class space    used 5032K, capacity 5392K, committed 5504K, reserved 516096K
}
Event: 17.882 GC heap before
{Heap before GC invocations=9 (full 0):
 garbage-first heap   total 157696K, used 104097K [0x0000000080000000, 0x0000000100000000)
  region size 1024K, 83 young (84992K), 9 survivors (9216K)
 Metaspace       used 46495K, capacity 47683K, committed 47952K, reserved 559104K
  class space    used 5896K, capacity 6359K, committed 6400K, reserved 516096K
}
Event: 17.895 GC heap after
{Heap after GC invocations=10 (full 0):
 garbage-first heap   total 157696K, used 31775K [0x0000000080000000, 0x0000000100000000)
  region size 1024K, 9 young (9216K), 9 survivors (9216K)
 Metaspace       used 46495K, capacity 47683K, committed 47952K, reserved 559104K
  class space    used 5896K, capacity 6359K, committed 6400K, reserved 516096K
}
Event: 19.539 GC heap before
{Heap before GC invocations=10 (full 0):
 garbage-first heap   total 157696K, used 115743K [0x0000000080000000, 0x0000000100000000)
  region size 1024K, 87 young (89088K), 9 survivors (9216K)
 Metaspace       used 53139K, capacity 54666K, committed 54864K, reserved 565248K
  class space    used 6778K, capacity 7388K, committed 7424K, reserved 516096K
}
Event: 19.550 GC heap after
{Heap after GC invocations=11 (full 0):
 garbage-first heap   total 157696K, used 40960K [0x0000000080000000, 0x0000000100000000)
  region size 1024K, 9 young (9216K), 9 survivors (9216K)
 Metaspace       used 53139K, capacity 54666K, committed 54864K, reserved 565248K
  class space    used 6778K, capacity 7388K, committed 7424K, reserved 516096K
}
Event: 21.104 GC heap before
{Heap before GC invocations=11 (full 0):
 garbage-first heap   total 157696K, used 109568K [0x0000000080000000, 0x0000000100000000)
  region size 1024K, 77 young (78848K), 9 survivors (9216K)
 Metaspace       used 58543K, capacity 60082K, committed 60296K, reserved 569344K
  class space    used 7571K, capacity 8212K, committed 8320K, reserved 516096K
}
Event: 21.118 GC heap after
{Heap after GC invocations=12 (full 0):
 garbage-first heap   total 157696K, used 43727K [0x0000000080000000, 0x0000000100000000)
  region size 1024K, 8 young (8192K), 8 survivors (8192K)
 Metaspace       used 58543K, capacity 60082K, committed 60296K, reserved 569344K
  class space    used 7571K, capacity 8212K, committed 8320K, reserved 516096K
}
Event: 22.757 GC heap before
{Heap before GC invocations=13 (full 0):
 garbage-first heap   total 157696K, used 120527K [0x0000000080000000, 0x0000000100000000)
  region size 1024K, 83 young (84992K), 8 survivors (8192K)
 Metaspace       used 63351K, capacity 65221K, committed 65288K, reserved 573440K
  class space    used 8178K, capacity 8911K, committed 8960K, reserved 516096K
}
Event: 22.767 GC heap after
{Heap after GC invocations=14 (full 0):
 garbage-first heap   total 157696K, used 46685K [0x0000000080000000, 0x0000000100000000)
  region size 1024K, 6 young (6144K), 6 survivors (6144K)
 Metaspace       used 63351K, capacity 65221K, committed 65288K, reserved 573440K
  class space    used 8178K, capacity 8911K, committed 8960K, reserved 516096K
}
Event: 24.684 GC heap before
{Heap before GC invocations=14 (full 0):
 garbage-first heap   total 157696K, used 123485K [0x0000000080000000, 0x0000000100000000)
  region size 1024K, 81 young (82944K), 6 survivors (6144K)
 Metaspace       used 69044K, capacity 71046K, committed 71304K, reserved 579584K
  class space    used 8925K, capacity 9746K, committed 9856K, reserved 516096K
}
Event: 24.696 GC heap after
{Heap after GC invocations=15 (full 0):
 garbage-first heap   total 157696K, used 52603K [0x0000000080000000, 0x0000000100000000)
  region size 1024K, 11 young (11264K), 11 survivors (11264K)
 Metaspace       used 69044K, capacity 71046K, committed 71304K, reserved 579584K
  class space    used 8925K, capacity 9746K, committed 9856K, reserved 516096K
}
Event: 27.967 GC heap before
{Heap before GC invocations=15 (full 0):
 garbage-first heap   total 157696K, used 128379K [0x0000000080000000, 0x0000000100000000)
  region size 1024K, 81 young (82944K), 11 survivors (11264K)
 Metaspace       used 75115K, capacity 77332K, committed 77448K, reserved 583680K
  class space    used 9643K, capacity 10529K, committed 10624K, reserved 516096K
}
Event: 27.980 GC heap after
{Heap after GC invocations=16 (full 0):
 garbage-first heap   total 157696K, used 66624K [0x0000000080000000, 0x0000000100000000)
  region size 1024K, 9 young (9216K), 9 survivors (9216K)
 Metaspace       used 75115K, capacity 77332K, committed 77448K, reserved 583680K
  class space    used 9643K, capacity 10529K, committed 10624K, reserved 516096K
}
Event: 30.288 GC heap before
{Heap before GC invocations=16 (full 0):
 garbage-first heap   total 157696K, used 123968K [0x0000000080000000, 0x0000000100000000)
  region size 1024K, 65 young (66560K), 9 survivors (9216K)
 Metaspace       used 80986K, capacity 83218K, committed 83592K, reserved 589824K
  class space    used 10342K, capacity 11268K, committed 11392K, reserved 516096K
}
Event: 30.297 GC heap after
{Heap after GC invocations=17 (full 0):
 garbage-first heap   total 157696K, used 72458K [0x0000000080000000, 0x0000000100000000)
  region size 1024K, 7 young (7168K), 7 survivors (7168K)
 Metaspace       used 80986K, capacity 83218K, committed 83592K, reserved 589824K
  class space    used 10342K, capacity 11268K, committed 11392K, reserved 516096K
}
Event: 31.184 GC heap before
{Heap before GC invocations=17 (full 0):
 garbage-first heap   total 157696K, used 124682K [0x0000000080000000, 0x0000000100000000)
  region size 1024K, 58 young (59392K), 7 survivors (7168K)
 Metaspace       used 81942K, capacity 84410K, committed 84488K, reserved 589824K
  class space    used 10507K, capacity 11477K, committed 11520K, reserved 516096K
}
Event: 31.193 GC heap after
{Heap after GC invocations=18 (full 0):
 garbage-first heap   total 157696K, used 76449K [0x0000000080000000, 0x0000000100000000)
  region size 1024K, 5 young (5120K), 5 survivors (5120K)
 Metaspace       used 81942K, capacity 84410K, committed 84488K, reserved 589824K
  class space    used 10507K, capacity 11477K, committed 11520K, reserved 516096K
}

