# JRE version: OpenJDK Runtime Environment 18.9 (11.0.16+8) (build 11.0.16+8)
# Java VM: OpenJDK 64-Bit Server VM 18.9 (11.0.16+8, mixed mode, tiered, compressed oops, g1 gc, windows-amd64)
Heap:
 garbage-first heap   total 236544K, used 173312K [0x0000000080000000, 0x0000000100000000)
  region size 1024K, 12 young (12288K), 4 survivors (4096K)
 Metaspace       used 113744K, capacity 119050K, committed 119120K, reserved 620544K
  class space    used 14635K, capacity 16620K, committed 16640K, reserved 516096K
GC Heap History (20 events):
Event: 209.782 GC heap before
{Heap before GC invocations=100 (full 0):
 garbage-first heap   total 196608K, used 162431K [0x0000000080000000, 0x0000000100000000)
  region size 1024K, 11 young (11264K), 1 survivors (1024K)
 Metaspace       used 109370K, capacity 114504K, committed 114640K, reserved 616448K
  class space    used 14151K, capacity 15992K, committed 16000K, reserved 516096K
}
Event: 209.789 GC heap after
{Heap after GC invocations=101 (full 0):
 garbage-first heap   total 196608K, used 154087K [0x0000000080000000, 0x0000000100000000)
  region size 1024K, 2 young (2048K), 2 survivors (2048K)
 Metaspace       used 109370K, capacity 114504K, committed 114640K, reserved 616448K
  class space    used 14151K, capacity 15992K, committed 16000K, reserved 516096K
}
Event: 210.547 GC heap before
{Heap before GC invocations=101 (full 0):
 garbage-first heap   total 196608K, used 164327K [0x0000000080000000, 0x0000000100000000)
  region size 1024K, 12 young (12288K), 2 survivors (2048K)
 Metaspace       used 109701K, capacity 114848K, committed 115024K, reserved 616448K
  class space    used 14196K, capacity 16059K, committed 16128K, reserved 516096K
}
Event: 210.559 GC heap after
{Heap after GC invocations=102 (full 0):
 garbage-first heap   total 196608K, used 155122K [0x0000000080000000, 0x0000000100000000)
  region size 1024K, 2 young (2048K), 2 survivors (2048K)
 Metaspace       used 109701K, capacity 114848K, committed 115024K, reserved 616448K
  class space    used 14196K, capacity 16059K, committed 16128K, reserved 516096K
}
Event: 210.792 GC heap before
{Heap before GC invocations=102 (full 0):
 garbage-first heap   total 196608K, used 164338K [0x0000000080000000, 0x0000000100000000)
  region size 1024K, 12 young (12288K), 2 survivors (2048K)
 Metaspace       used 109894K, capacity 115055K, committed 115280K, reserved 616448K
  class space    used 14226K, capacity 16082K, committed 16128K, reserved 516096K
}
Event: 210.795 GC heap after
{Heap after GC invocations=103 (full 0):
 garbage-first heap   total 196608K, used 156175K [0x0000000080000000, 0x0000000100000000)
  region size 1024K, 2 young (2048K), 2 survivors (2048K)
 Metaspace       used 109894K, capacity 115055K, committed 115280K, reserved 616448K
  class space    used 14226K, capacity 16082K, committed 16128K, reserved 516096K
}
Event: 211.052 GC heap before
{Heap before GC invocations=103 (full 0):
 garbage-first heap   total 196608K, used 165391K [0x0000000080000000, 0x0000000100000000)
  region size 1024K, 12 young (12288K), 2 survivors (2048K)
 Metaspace       used 109979K, capacity 115118K, committed 115280K, reserved 616448K
  class space    used 14242K, capacity 16124K, committed 16128K, reserved 516096K
}
Event: 211.059 GC heap after
{Heap after GC invocations=104 (full 0):
 garbage-first heap   total 196608K, used 157868K [0x0000000080000000, 0x0000000100000000)
  region size 1024K, 2 young (2048K), 2 survivors (2048K)
 Metaspace       used 109979K, capacity 115118K, committed 115280K, reserved 616448K
  class space    used 14242K, capacity 16124K, committed 16128K, reserved 516096K
}
Event: 211.115 GC heap before
{Heap before GC invocations=104 (full 0):
 garbage-first heap   total 196608K, used 167084K [0x0000000080000000, 0x0000000100000000)
  region size 1024K, 12 young (12288K), 2 survivors (2048K)
 Metaspace       used 110055K, capacity 115162K, committed 115408K, reserved 616448K
  class space    used 14255K, capacity 16160K, committed 16256K, reserved 516096K
}
Event: 211.120 GC heap after
{Heap after GC invocations=105 (full 0):
 garbage-first heap   total 236544K, used 158345K [0x0000000080000000, 0x0000000100000000)
  region size 1024K, 1 young (1024K), 1 survivors (1024K)
 Metaspace       used 110055K, capacity 115162K, committed 115408K, reserved 616448K
  class space    used 14255K, capacity 16160K, committed 16256K, reserved 516096K
}
Event: 221.489 GC heap before
{Heap before GC invocations=106 (full 0):
 garbage-first heap   total 236544K, used 182921K [0x0000000080000000, 0x0000000100000000)
  region size 1024K, 25 young (25600K), 1 survivors (1024K)
 Metaspace       used 111188K, capacity 116401K, committed 116560K, reserved 616448K
  class space    used 14345K, capacity 16269K, committed 16384K, reserved 516096K
}
Event: 221.494 GC heap after
{Heap after GC invocations=107 (full 0):
 garbage-first heap   total 236544K, used 160407K [0x0000000080000000, 0x0000000100000000)
  region size 1024K, 3 young (3072K), 3 survivors (3072K)
 Metaspace       used 111188K, capacity 116401K, committed 116560K, reserved 616448K
  class space    used 14345K, capacity 16269K, committed 16384K, reserved 516096K
}
Event: 231.906 GC heap before
{Heap before GC invocations=107 (full 0):
 garbage-first heap   total 236544K, used 184983K [0x0000000080000000, 0x0000000100000000)
  region size 1024K, 28 young (28672K), 3 survivors (3072K)
 Metaspace       used 112273K, capacity 117509K, committed 117712K, reserved 618496K
  class space    used 14492K, capacity 16418K, committed 16512K, reserved 516096K
}
Event: 231.911 GC heap after
{Heap after GC invocations=108 (full 0):
 garbage-first heap   total 236544K, used 161740K [0x0000000080000000, 0x0000000100000000)
  region size 1024K, 2 young (2048K), 2 survivors (2048K)
 Metaspace       used 112273K, capacity 117509K, committed 117712K, reserved 618496K
  class space    used 14492K, capacity 16418K, committed 16512K, reserved 516096K
}
Event: 237.091 GC heap before
{Heap before GC invocations=108 (full 0):
 garbage-first heap   total 236544K, used 187340K [0x0000000080000000, 0x0000000100000000)
  region size 1024K, 28 young (28672K), 2 survivors (2048K)
 Metaspace       used 112389K, capacity 117685K, committed 117968K, reserved 618496K
  class space    used 14497K, capacity 16454K, committed 16512K, reserved 516096K
}
Event: 237.096 GC heap after
{Heap after GC invocations=109 (full 0):
 garbage-first heap   total 236544K, used 163177K [0x0000000080000000, 0x0000000100000000)
  region size 1024K, 3 young (3072K), 3 survivors (3072K)
 Metaspace       used 112389K, capacity 117685K, committed 117968K, reserved 618496K
  class space    used 14497K, capacity 16454K, committed 16512K, reserved 516096K
}
Event: 244.226 GC heap before
{Heap before GC invocations=109 (full 0):
 garbage-first heap   total 236544K, used 190825K [0x0000000080000000, 0x0000000100000000)
  region size 1024K, 31 young (31744K), 3 survivors (3072K)
 Metaspace       used 112500K, capacity 117775K, committed 117968K, reserved 618496K
  class space    used 14497K, capacity 16454K, committed 16512K, reserved 516096K
}
Event: 244.231 GC heap after
{Heap after GC invocations=110 (full 0):
 garbage-first heap   total 236544K, used 165174K [0x0000000080000000, 0x0000000100000000)
  region size 1024K, 4 young (4096K), 4 survivors (4096K)
 Metaspace       used 112500K, capacity 117775K, committed 117968K, reserved 618496K
  class space    used 14497K, capacity 16454K, committed 16512K, reserved 516096K
}
Event: 248.616 GC heap before
{Heap before GC invocations=110 (full 0):
 garbage-first heap   total 236544K, used 192822K [0x0000000080000000, 0x0000000100000000)
  region size 1024K, 32 young (32768K), 4 survivors (4096K)
 Metaspace       used 113684K, capacity 119031K, committed 119120K, reserved 620544K
  class space    used 14635K, capacity 16620K, committed 16640K, reserved 516096K
}
Event: 248.623 GC heap after
{Heap after GC invocations=111 (full 0):
 garbage-first heap   total 236544K, used 167168K [0x0000000080000000, 0x0000000100000000)
  region size 1024K, 4 young (4096K), 4 survivors (4096K)
 Metaspace       used 113684K, capacity 119031K, committed 119120K, reserved 620544K
  class space    used 14635K, capacity 16620K, committed 16640K, reserved 516096K
}

